Vivado Simulator 2019.1
Copyright 1986-1999, 2001-2019 Xilinx, Inc. All Rights Reserved.
Running: C:/Xilinx/Vivado/2019.1/bin/unwrapped/win64.o/xelab.exe -wto 80d7300cb60041af8a58531d64fb877e --incr --debug typical --relax --mt 2 -L blk_mem_gen_v8_4_3 -L xil_defaultlib -L unisims_ver -L unimacro_ver -L secureip -L xpm --snapshot TB_sc_computer_behav xil_defaultlib.TB_sc_computer xil_defaultlib.glbl -log elaborate.log 
Using 2 slave threads.
Starting static elaboration
Completed static elaboration
Starting simulation data flow analysis
Completed simulation data flow analysis
Time Resolution for simulation is 1ps
Compiling module xil_defaultlib.dff32
Compiling module xil_defaultlib.immext
Compiling module xil_defaultlib.regfile
Compiling module xil_defaultlib.sc_cu
Compiling module xil_defaultlib.mux2x32
Compiling module xil_defaultlib.alu
Compiling module xil_defaultlib.branch
Compiling module xil_defaultlib.cla32
Compiling module xil_defaultlib.sc_cpu
Compiling module blk_mem_gen_v8_4_3.blk_mem_gen_v8_4_3_output_stage(...
Compiling module blk_mem_gen_v8_4_3.blk_mem_gen_v8_4_3_output_stage(...
Compiling module blk_mem_gen_v8_4_3.blk_mem_gen_v8_4_3_softecc_outpu...
Compiling module blk_mem_gen_v8_4_3.blk_mem_gen_v8_4_3_mem_module(C_...
Compiling module blk_mem_gen_v8_4_3.blk_mem_gen_v8_4_3(C_FAMILY="art...
Compiling module xil_defaultlib.lpm_rom_irom
Compiling module xil_defaultlib.sc_instmem
Compiling module blk_mem_gen_v8_4_3.blk_mem_gen_v8_4_3_output_stage(...
Compiling module blk_mem_gen_v8_4_3.blk_mem_gen_v8_4_3_output_stage(...
Compiling module blk_mem_gen_v8_4_3.blk_mem_gen_v8_4_3_softecc_outpu...
Compiling module blk_mem_gen_v8_4_3.blk_mem_gen_v8_4_3_mem_module(C_...
Compiling module blk_mem_gen_v8_4_3.blk_mem_gen_v8_4_3(C_FAMILY="art...
Compiling module xil_defaultlib.lpm_ram_dq_dram
Compiling module xil_defaultlib.sc_datamem
Compiling module xil_defaultlib.sc_computer
Compiling module xil_defaultlib.TB_sc_computer
Compiling module xil_defaultlib.glbl
Built simulation snapshot TB_sc_computer_behav
